Arguments: 
  /home/mparvin/.nvm/versions/node/v14.13.1/bin/node /usr/local/bin/yarn set version berry

PATH: 
  /home/mparvin/.rbenv/versions/3.0.1/bin/:/home/mparvin/go/bin/:/home/mparvin/.krew/bin:/home/mparvin/.gvm/bin:/home/mparvin/.poetry/bin:/home/mparvin/.rbenv/shims:/home/mparvin/.rbenv/bin:/home/mparvin/.rbenv/shims:/home/mparvin/.cargo/bin:/home/mparvin/.poetry/bin:/home/mparvin/.nvm/versions/node/v14.13.1/bin:/home/mparvin/.local/bin:/usr/local/sbin:/usr/local/bin:/usr/sbin:/usr/bin:/sbin:/bin:/usr/games:/usr/local/games:/snap/bin:/home/mparvin/.dotnet/tools:/usr/local/go/bin:/home/mparvin/.rbenv/versions/3.0.1/bin:/usr/local/bin/go/bin:/home/mparvin/.config/composer/vendor/bin:/opt/android-studio/bin/:/opt/cmdline-tools/bin/:/usr/local/go/bin/:/home/mparvin/go/bin/

Yarn version: 
  1.22.10

Node version: 
  14.13.1

Platform: 
  linux x64

Trace: 
  Error: unable to get local issuer certificate
      at TLSSocket.onConnectSecure (_tls_wrap.js:1497:34)
      at TLSSocket.emit (events.js:314:20)
      at TLSSocket._finishInit (_tls_wrap.js:932:8)
      at TLSWrap.ssl.onhandshakedone (_tls_wrap.js:706:12)

npm manifest: 
  {
    "name": "buffalo",
    "version": "1.0.0",
    "main": "index.js",
    "license": "MIT",
    "scripts": {
      "dev": "webpack --watch",
      "build": "webpack --mode production --progress"
    },
    "repository": "github.com/gobuffalo/buffalo",
    "dependencies": {
      "@fortawesome/fontawesome-free": "^5.12.0",
      "@popperjs/core": "^2.0.0",
      "bootstrap": "^5.0.0",
      "jquery": "^3.6.0",
      "jquery-ujs": "^1.2.2"
    },
    "devDependencies": {
      "@babel/cli": "^7.0.0",
      "@babel/core": "^7.0.0",
      "@babel/preset-env": "^7.0.0",
      "autoprefixer": "^9.7.6",
      "babel-loader": "^8.1.0",
      "copy-webpack-plugin": "~6.4.1",
      "css-loader": "~3.5.1",
      "expose-loader": "^3.0.0",
      "file-loader": "~6.0.0",
      "glob": "^7.2.0",
      "gopherjs-loader": "^0.0.1",
      "mini-css-extract-plugin": "^2.0.0",
      "npm-install-webpack-plugin": "4.0.5",
      "postcss-loader": "^3.0.0",
      "sass": "^1.0.0",
      "sass-loader": "~10.2.0",
      "style-loader": "~1.1.3",
      "terser-webpack-plugin": "~2.3.1",
      "url-loader": "~4.1.0",
      "webpack": "~5.65.0",
      "webpack-cli": "^4.0.0",
      "webpack-livereload-plugin": "^3.0.0",
      "webpack-manifest-plugin": "^4.0.0"
    }
  }

yarn manifest: 
  No manifest

Lockfile: 
  No lockfile
